<?xml version="1.0" encoding="UTF-8"?>
<testsuite name="HelloTest" tests="1" skipped="0" failures="1" errors="0" timestamp="2020-09-12T15:41:28" hostname="DESKTOP-DF0I7J2" time="1.2">
  <properties/>
  <testcase name="test" classname="HelloTest" time="1.2">
    <failure message="java.lang.AssertionError: expected:&lt;HomescreenCarouselResponse(data=Data(carousel=[Carousel(click_url=https://assets.weedmaps.com/r?e=eyJ2IjoiMS42IiwiYXYiOjUyMjI3MywiYXQiOjE2MywiYnQiOjAsImNtIjoxMTgwOTM5LCJjaCI6NDE3NTUsImNrIjp7fSwiY3IiOjE4MDEwNDkzLCJkaSI6ImFjMDZmYTY0NGMzMzQzYjA4YWIyOWMyNDI4M2JhODliIiwiZGoiOjAsImlpIjoiNmVjNzk5MTI2ZWNiNDM2NDlmOWNkNDIzZWJmODk1ZDAiLCJkbSI6MywiZmMiOjIwNjY5OTE1LCJmbCI6MTIyMzU4MTgsImlwIjoiMTM4Ljg4LjE3My4xOTYsIDE1Ny41Mi43OS42NSwgMTcyLjI2LjEyLjE4OSwgMTAuNDIuMTY0LjE5NSIsImt3IjoiY291bnRyeTp1cyxzdGF0ZTpjYSxjaXR5OmlydmluZSx6aXBjb2RlOjkyNjA0LHNhbGVzLXJlZ2lvbjoxNjYsYnJhbmQtcmVnaW9uOjEzMTksb25saW5lLW9yZGVyaW5nLHJlY3JlYXRpb25hbC1sZWdhbCxtZWRpY2FsLWxlZ2FsIiwibWsiOiJjb3VudHJ5OnVzIiwibnciOjEwMzQyLCJwYyI6MCwiZWMiOjAsInByIjoxNjczMjYsInJ0IjoxLCJycyI6NTAwLCJzYSI6IjE4Iiwic2IiOiJpLTA2NzcxNTYxOWJhOTlmMjlmIiwic3AiOjI4ODIzLCJzdCI6MTA5ODc0MSwidWsiOiJ1ZTEtMDRjYzY2NmUxZDY0NGQ5MDg3ZGVkMmJkZThlZDJiYWIiLCJ6biI6MjExODcxLCJ0cyI6MTU5OTkyNTI4ODUxMCwicG4iOiJjYXJvdXNlbC0xIiwiZ2MiOnRydWUsImdDIjp0cnVlLCJncyI6Im5vbmUiLCJ0eiI6IlVUQyIsInVyIjpudWxsfQ&amp;s=cSGTVbKDEPY3phpf2RTRhu2RVcw), Carousel(click_url=https://assets.weedmaps.com/r?e=eyJ2IjoiMS42IiwiYXYiOjUyMjI3MywiYXQiOjE2MywiYnQiOjAsImNtIjoxMTgwOTM5LCJjaCI6NDE3NTUsImNrIjp7fSwiY3IiOjE3OTk5OTUzLCJkaSI6IjkxMzkwMjU0YzgxOTQzZGM4MWEyOWY4NjBiYzdjYWY3IiwiZGoiOjAsImlpIjoiYmEzYzMzOGY5YjQ3NDI0NTkxMWI2NmU1ZDBmMmE5MTQiLCJkbSI6MywiZmMiOjIwNjU5NDgzLCJmbCI6MTI0MjE5MjAsImlwIjoiMTM4Ljg4LjE3My4xOTYsIDE1Ny41Mi43OS42NSwgMTcyLjI2LjEyLjE4OSwgMTAuNDIuMTY0LjE5NSIsImt3IjoiY291bnRyeTp1cyxzdGF0ZTpjYSxjaXR5OmlydmluZSx6aXBjb2RlOjkyNjA0LHNhbGVzLXJlZ2lvbjoxNjYsYnJhbmQtcmVnaW9uOjEzMTksb25saW5lLW9yZGVyaW5nLHJlY3JlYXRpb25hbC1sZWdhbCxtZWRpY2FsLWxlZ2FsIiwibWsiOiJjb3VudHJ5OnVzIiwibnciOjEwMzQyLCJwYyI6MCwiZWMiOjAsInByIjoxNjczMjYsInJ0IjoxLCJycyI6NTAwLCJzYSI6IjE4Iiwic2IiOiJpLTA2NzcxNTYxOWJhOTlmMjlmIiwic3AiOjI4ODIzLCJzdCI6MTA5ODc0MSwidWsiOiJ1ZTEtMDRjYzY2NmUxZDY0NGQ5MDg3ZGVkMmJkZThlZDJiYWIiLCJ6biI6MjExODcwLCJ0cyI6MTU5OTkyNTI4ODUxMywicG4iOiJjYXJvdXNlbC0yIiwiZ2MiOnRydWUsImdDIjp0cnVlLCJncyI6Im5vbmUiLCJ0eiI6IkFtZXJpY2EvTG9zX0FuZ2VsZXMiLCJ1ciI6bnVsbH0&amp;s=dHqK5Mnki5uuFF3kW3suKc222-8), Carousel(click_url=https://assets.weedmaps.com/r?e=eyJ2IjoiMS42IiwiYXYiOjUyMjI3MywiYXQiOjE2MywiYnQiOjAsImNtIjoxMTgwOTM5LCJjaCI6NDE3NTUsImNrIjp7fSwiY3IiOjE4MDIzMTYwLCJkaSI6IjVmYTExZWEwMWM0ZDRkM2E4MTk0MGM3ZDJiZGQ2M2QwIiwiZGoiOjAsImlpIjoiZWVlMjgyNGY1Mzg1NDA5N2EyMmFiNTNhOGQyYjRmODgiLCJkbSI6MywiZmMiOjIwNjgyNjI2LCJmbCI6MTIyMzU4MjcsImlwIjoiMTM4Ljg4LjE3My4xOTYsIDE1Ny41Mi43OS42NSwgMTcyLjI2LjEyLjE4OSwgMTAuNDIuMTY0LjE5NSIsImt3IjoiY291bnRyeTp1cyxzdGF0ZTpjYSxjaXR5OmlydmluZSx6aXBjb2RlOjkyNjA0LHNhbGVzLXJlZ2lvbjoxNjYsYnJhbmQtcmVnaW9uOjEzMTksb25saW5lLW9yZGVyaW5nLHJlY3JlYXRpb25hbC1sZWdhbCxtZWRpY2FsLWxlZ2FsIiwibWsiOiJzdGF0ZTpjYSIsIm53IjoxMDM0MiwicGMiOjAsImVjIjowLCJwciI6MTY3MzI2LCJydCI6MSwicnMiOjUwMCwic2EiOiIxOCIsInNiIjoiaS0wNjc3MTU2MTliYTk5ZjI5ZiIsInNwIjoyODgyMywic3QiOjEwOTg3NDEsInVrIjoidWUxLTA0Y2M2NjZlMWQ2NDRkOTA4N2RlZDJiZGU4ZWQyYmFiIiwiem4iOjIxMTg2OSwidHMiOjE1OTk5MjUyODg1MTQsInBuIjoiY2Fyb3VzZWwtMyIsImdjIjp0cnVlLCJnQyI6dHJ1ZSwiZ3MiOiJub25lIiwidHoiOiJVVEMiLCJ1ciI6bnVsbH0&amp;s=Ubhnc3h3mX-9bfO7Prau3vR7iZg)]))&gt; but was:&lt;fasdfdsfdfasdfsdf sad&gt;" type="java.lang.AssertionError">java.lang.AssertionError: expected:&lt;HomescreenCarouselResponse(data=Data(carousel=[Carousel(click_url=https://assets.weedmaps.com/r?e=eyJ2IjoiMS42IiwiYXYiOjUyMjI3MywiYXQiOjE2MywiYnQiOjAsImNtIjoxMTgwOTM5LCJjaCI6NDE3NTUsImNrIjp7fSwiY3IiOjE4MDEwNDkzLCJkaSI6ImFjMDZmYTY0NGMzMzQzYjA4YWIyOWMyNDI4M2JhODliIiwiZGoiOjAsImlpIjoiNmVjNzk5MTI2ZWNiNDM2NDlmOWNkNDIzZWJmODk1ZDAiLCJkbSI6MywiZmMiOjIwNjY5OTE1LCJmbCI6MTIyMzU4MTgsImlwIjoiMTM4Ljg4LjE3My4xOTYsIDE1Ny41Mi43OS42NSwgMTcyLjI2LjEyLjE4OSwgMTAuNDIuMTY0LjE5NSIsImt3IjoiY291bnRyeTp1cyxzdGF0ZTpjYSxjaXR5OmlydmluZSx6aXBjb2RlOjkyNjA0LHNhbGVzLXJlZ2lvbjoxNjYsYnJhbmQtcmVnaW9uOjEzMTksb25saW5lLW9yZGVyaW5nLHJlY3JlYXRpb25hbC1sZWdhbCxtZWRpY2FsLWxlZ2FsIiwibWsiOiJjb3VudHJ5OnVzIiwibnciOjEwMzQyLCJwYyI6MCwiZWMiOjAsInByIjoxNjczMjYsInJ0IjoxLCJycyI6NTAwLCJzYSI6IjE4Iiwic2IiOiJpLTA2NzcxNTYxOWJhOTlmMjlmIiwic3AiOjI4ODIzLCJzdCI6MTA5ODc0MSwidWsiOiJ1ZTEtMDRjYzY2NmUxZDY0NGQ5MDg3ZGVkMmJkZThlZDJiYWIiLCJ6biI6MjExODcxLCJ0cyI6MTU5OTkyNTI4ODUxMCwicG4iOiJjYXJvdXNlbC0xIiwiZ2MiOnRydWUsImdDIjp0cnVlLCJncyI6Im5vbmUiLCJ0eiI6IlVUQyIsInVyIjpudWxsfQ&amp;s=cSGTVbKDEPY3phpf2RTRhu2RVcw), Carousel(click_url=https://assets.weedmaps.com/r?e=eyJ2IjoiMS42IiwiYXYiOjUyMjI3MywiYXQiOjE2MywiYnQiOjAsImNtIjoxMTgwOTM5LCJjaCI6NDE3NTUsImNrIjp7fSwiY3IiOjE3OTk5OTUzLCJkaSI6IjkxMzkwMjU0YzgxOTQzZGM4MWEyOWY4NjBiYzdjYWY3IiwiZGoiOjAsImlpIjoiYmEzYzMzOGY5YjQ3NDI0NTkxMWI2NmU1ZDBmMmE5MTQiLCJkbSI6MywiZmMiOjIwNjU5NDgzLCJmbCI6MTI0MjE5MjAsImlwIjoiMTM4Ljg4LjE3My4xOTYsIDE1Ny41Mi43OS42NSwgMTcyLjI2LjEyLjE4OSwgMTAuNDIuMTY0LjE5NSIsImt3IjoiY291bnRyeTp1cyxzdGF0ZTpjYSxjaXR5OmlydmluZSx6aXBjb2RlOjkyNjA0LHNhbGVzLXJlZ2lvbjoxNjYsYnJhbmQtcmVnaW9uOjEzMTksb25saW5lLW9yZGVyaW5nLHJlY3JlYXRpb25hbC1sZWdhbCxtZWRpY2FsLWxlZ2FsIiwibWsiOiJjb3VudHJ5OnVzIiwibnciOjEwMzQyLCJwYyI6MCwiZWMiOjAsInByIjoxNjczMjYsInJ0IjoxLCJycyI6NTAwLCJzYSI6IjE4Iiwic2IiOiJpLTA2NzcxNTYxOWJhOTlmMjlmIiwic3AiOjI4ODIzLCJzdCI6MTA5ODc0MSwidWsiOiJ1ZTEtMDRjYzY2NmUxZDY0NGQ5MDg3ZGVkMmJkZThlZDJiYWIiLCJ6biI6MjExODcwLCJ0cyI6MTU5OTkyNTI4ODUxMywicG4iOiJjYXJvdXNlbC0yIiwiZ2MiOnRydWUsImdDIjp0cnVlLCJncyI6Im5vbmUiLCJ0eiI6IkFtZXJpY2EvTG9zX0FuZ2VsZXMiLCJ1ciI6bnVsbH0&amp;s=dHqK5Mnki5uuFF3kW3suKc222-8), Carousel(click_url=https://assets.weedmaps.com/r?e=eyJ2IjoiMS42IiwiYXYiOjUyMjI3MywiYXQiOjE2MywiYnQiOjAsImNtIjoxMTgwOTM5LCJjaCI6NDE3NTUsImNrIjp7fSwiY3IiOjE4MDIzMTYwLCJkaSI6IjVmYTExZWEwMWM0ZDRkM2E4MTk0MGM3ZDJiZGQ2M2QwIiwiZGoiOjAsImlpIjoiZWVlMjgyNGY1Mzg1NDA5N2EyMmFiNTNhOGQyYjRmODgiLCJkbSI6MywiZmMiOjIwNjgyNjI2LCJmbCI6MTIyMzU4MjcsImlwIjoiMTM4Ljg4LjE3My4xOTYsIDE1Ny41Mi43OS42NSwgMTcyLjI2LjEyLjE4OSwgMTAuNDIuMTY0LjE5NSIsImt3IjoiY291bnRyeTp1cyxzdGF0ZTpjYSxjaXR5OmlydmluZSx6aXBjb2RlOjkyNjA0LHNhbGVzLXJlZ2lvbjoxNjYsYnJhbmQtcmVnaW9uOjEzMTksb25saW5lLW9yZGVyaW5nLHJlY3JlYXRpb25hbC1sZWdhbCxtZWRpY2FsLWxlZ2FsIiwibWsiOiJzdGF0ZTpjYSIsIm53IjoxMDM0MiwicGMiOjAsImVjIjowLCJwciI6MTY3MzI2LCJydCI6MSwicnMiOjUwMCwic2EiOiIxOCIsInNiIjoiaS0wNjc3MTU2MTliYTk5ZjI5ZiIsInNwIjoyODgyMywic3QiOjEwOTg3NDEsInVrIjoidWUxLTA0Y2M2NjZlMWQ2NDRkOTA4N2RlZDJiZGU4ZWQyYmFiIiwiem4iOjIxMTg2OSwidHMiOjE1OTk5MjUyODg1MTQsInBuIjoiY2Fyb3VzZWwtMyIsImdjIjp0cnVlLCJnQyI6dHJ1ZSwiZ3MiOiJub25lIiwidHoiOiJVVEMiLCJ1ciI6bnVsbH0&amp;s=Ubhnc3h3mX-9bfO7Prau3vR7iZg)]))&gt; but was:&lt;fasdfdsfdfasdfsdf sad&gt;
	at org.junit.Assert.fail(Assert.java:88)
	at org.junit.Assert.failNotEquals(Assert.java:834)
	at org.junit.Assert.assertEquals(Assert.java:118)
	at kotlin.test.junit.JUnitAsserter.assertEquals(JUnitSupport.kt:32)
	at kotlin.test.AssertionsKt__AssertionsKt.assertEquals(Assertions.kt:57)
	at kotlin.test.AssertionsKt.assertEquals(Unknown Source)
	at kotlin.test.AssertionsKt__AssertionsKt.assertEquals$default(Assertions.kt:56)
	at kotlin.test.AssertionsKt.assertEquals$default(Unknown Source)
	at HelloTest$test$1.invokeSuspend(HelloTest.kt:12)
	at kotlin.coroutines.jvm.internal.BaseContinuationImpl.resumeWith(ContinuationImpl.kt:33)
	at kotlinx.coroutines.DispatchedTask.run(DispatchedTask.kt:56)
	at kotlinx.coroutines.EventLoopImplBase.processNextEvent(EventLoop.common.kt:274)
	at kotlinx.coroutines.BlockingCoroutine.joinBlocking(Builders.kt:84)
	at kotlinx.coroutines.BuildersKt__BuildersKt.runBlocking(Builders.kt:59)
	at kotlinx.coroutines.BuildersKt.runBlocking(Unknown Source)
	at kotlinx.coroutines.BuildersKt__BuildersKt.runBlocking$default(Builders.kt:38)
	at kotlinx.coroutines.BuildersKt.runBlocking$default(Unknown Source)
	at HelloTest.test(HelloTest.kt:10)
	at sun.reflect.NativeMethodAccessorImpl.invoke0(Native Method)
	at sun.reflect.NativeMethodAccessorImpl.invoke(NativeMethodAccessorImpl.java:62)
	at sun.reflect.DelegatingMethodAccessorImpl.invoke(DelegatingMethodAccessorImpl.java:43)
	at java.lang.reflect.Method.invoke(Method.java:498)
	at org.junit.runners.model.FrameworkMethod$1.runReflectiveCall(FrameworkMethod.java:50)
	at org.junit.internal.runners.model.ReflectiveCallable.run(ReflectiveCallable.java:12)
	at org.junit.runners.model.FrameworkMethod.invokeExplosively(FrameworkMethod.java:47)
	at org.junit.internal.runners.statements.InvokeMethod.evaluate(InvokeMethod.java:17)
	at org.junit.runners.ParentRunner.runLeaf(ParentRunner.java:325)
	at org.junit.runners.BlockJUnit4ClassRunner.runChild(BlockJUnit4ClassRunner.java:78)
	at org.junit.runners.BlockJUnit4ClassRunner.runChild(BlockJUnit4ClassRunner.java:57)
	at org.junit.runners.ParentRunner$3.run(ParentRunner.java:290)
	at org.junit.runners.ParentRunner$1.schedule(ParentRunner.java:71)
	at org.junit.runners.ParentRunner.runChildren(ParentRunner.java:288)
	at org.junit.runners.ParentRunner.access$000(ParentRunner.java:58)
	at org.junit.runners.ParentRunner$2.evaluate(ParentRunner.java:268)
	at org.junit.runners.ParentRunner.run(ParentRunner.java:363)
	at org.gradle.api.internal.tasks.testing.junit.JUnitTestClassExecutor.runTestClass(JUnitTestClassExecutor.java:110)
	at org.gradle.api.internal.tasks.testing.junit.JUnitTestClassExecutor.execute(JUnitTestClassExecutor.java:58)
	at org.gradle.api.internal.tasks.testing.junit.JUnitTestClassExecutor.execute(JUnitTestClassExecutor.java:38)
	at org.gradle.api.internal.tasks.testing.junit.AbstractJUnitTestClassProcessor.processTestClass(AbstractJUnitTestClassProcessor.java:62)
	at org.gradle.api.internal.tasks.testing.SuiteTestClassProcessor.processTestClass(SuiteTestClassProcessor.java:51)
	at sun.reflect.NativeMethodAccessorImpl.invoke0(Native Method)
	at sun.reflect.NativeMethodAccessorImpl.invoke(NativeMethodAccessorImpl.java:62)
	at sun.reflect.DelegatingMethodAccessorImpl.invoke(DelegatingMethodAccessorImpl.java:43)
	at java.lang.reflect.Method.invoke(Method.java:498)
	at org.gradle.internal.dispatch.ReflectionDispatch.dispatch(ReflectionDispatch.java:36)
	at org.gradle.internal.dispatch.ReflectionDispatch.dispatch(ReflectionDispatch.java:24)
	at org.gradle.internal.dispatch.ContextClassLoaderDispatch.dispatch(ContextClassLoaderDispatch.java:33)
	at org.gradle.internal.dispatch.ProxyDispatchAdapter$DispatchingInvocationHandler.invoke(ProxyDispatchAdapter.java:94)
	at com.sun.proxy.$Proxy2.processTestClass(Unknown Source)
	at org.gradle.api.internal.tasks.testing.worker.TestWorker.processTestClass(TestWorker.java:118)
	at sun.reflect.NativeMethodAccessorImpl.invoke0(Native Method)
	at sun.reflect.NativeMethodAccessorImpl.invoke(NativeMethodAccessorImpl.java:62)
	at sun.reflect.DelegatingMethodAccessorImpl.invoke(DelegatingMethodAccessorImpl.java:43)
	at java.lang.reflect.Method.invoke(Method.java:498)
	at org.gradle.internal.dispatch.ReflectionDispatch.dispatch(ReflectionDispatch.java:36)
	at org.gradle.internal.dispatch.ReflectionDispatch.dispatch(ReflectionDispatch.java:24)
	at org.gradle.internal.remote.internal.hub.MessageHubBackedObjectConnection$DispatchWrapper.dispatch(MessageHubBackedObjectConnection.java:182)
	at org.gradle.internal.remote.internal.hub.MessageHubBackedObjectConnection$DispatchWrapper.dispatch(MessageHubBackedObjectConnection.java:164)
	at org.gradle.internal.remote.internal.hub.MessageHub$Handler.run(MessageHub.java:412)
	at org.gradle.internal.concurrent.ExecutorPolicy$CatchAndRecordFailures.onExecute(ExecutorPolicy.java:64)
	at org.gradle.internal.concurrent.ManagedExecutorImpl$1.run(ManagedExecutorImpl.java:48)
	at java.util.concurrent.ThreadPoolExecutor.runWorker(ThreadPoolExecutor.java:1142)
	at java.util.concurrent.ThreadPoolExecutor$Worker.run(ThreadPoolExecutor.java:617)
	at org.gradle.internal.concurrent.ThreadFactoryImpl$ManagedThreadRunnable.run(ThreadFactoryImpl.java:56)
	at java.lang.Thread.run(Thread.java:745)
</failure>
  </testcase>
  <system-out><![CDATA[]]></system-out>
  <system-err><![CDATA[]]></system-err>
</testsuite>
